c:\users\jeong\source\repos\main\space\x64\debug\space.pch
c:\users\jeong\source\repos\main\space\x64\debug\vc143.pdb
c:\users\jeong\source\repos\main\space\x64\debug\vc143.idb
c:\users\jeong\source\repos\main\space\x64\debug\main.obj
c:\users\jeong\source\repos\main\space\x64\debug\core.obj
c:\users\jeong\source\repos\main\space\x64\debug\d3dutils.obj
c:\users\jeong\source\repos\main\space\x64\debug\geometrygenerator.obj
c:\users\jeong\source\repos\main\space\x64\debug\mesh.obj
c:\users\jeong\source\repos\main\space\x64\debug\cubemap.obj
c:\users\jeong\source\repos\main\x64\debug\basicvertexshader.cso
c:\users\jeong\source\repos\main\x64\debug\cubemappixelshader.cso
c:\users\jeong\source\repos\main\x64\debug\cubemapvertexshader.cso
c:\users\jeong\source\repos\main\x64\debug\space.exe
c:\users\jeong\source\repos\main\space\x64\debug\space.ilk
c:\users\jeong\source\repos\main\x64\debug\space.pdb
c:\users\jeong\source\repos\main\space\x64\debug\space.res
c:\users\jeong\source\repos\main\space\x64\debug\pch.obj
c:\users\jeong\source\repos\main\space\x64\debug\d3dutils.obj.enc
c:\users\jeong\source\repos\main\space\x64\debug\space.tlog\cl.command.1.tlog
c:\users\jeong\source\repos\main\space\x64\debug\space.tlog\cl.items.tlog
c:\users\jeong\source\repos\main\space\x64\debug\space.tlog\cl.read.1.tlog
c:\users\jeong\source\repos\main\space\x64\debug\space.tlog\cl.write.1.tlog
c:\users\jeong\source\repos\main\space\x64\debug\space.tlog\fxc.command.1.tlog
c:\users\jeong\source\repos\main\space\x64\debug\space.tlog\fxc.read.1.tlog
c:\users\jeong\source\repos\main\space\x64\debug\space.tlog\fxc.write.1.tlog
c:\users\jeong\source\repos\main\space\x64\debug\space.tlog\link.command.1.tlog
c:\users\jeong\source\repos\main\space\x64\debug\space.tlog\link.read.1.tlog
c:\users\jeong\source\repos\main\space\x64\debug\space.tlog\link.write.1.tlog
c:\users\jeong\source\repos\main\space\x64\debug\space.tlog\rc.command.1.tlog
c:\users\jeong\source\repos\main\space\x64\debug\space.tlog\rc.read.1.tlog
c:\users\jeong\source\repos\main\space\x64\debug\space.tlog\rc.write.1.tlog
