C:\Users\Jeong\source\repos\DX_Space\Space\BasicPixelShader.hlsl(44,12-57): warning X3206: implicit truncation of vector type
  
  compilation object save succeeded; see C:\Users\Jeong\source\repos\DX_Space\x64\Debug\BasicPixelShader.cso
  compilation object save succeeded; see C:\Users\Jeong\source\repos\DX_Space\x64\Debug\BasicVertexShader.cso
  compilation object save succeeded; see C:\Users\Jeong\source\repos\DX_Space\x64\Debug\CubeMapPixelShader.cso
C:\Users\Jeong\source\repos\DX_Space\Space\CubeMapVertexShader.hlsl(21,5-37): warning X3206: implicit truncation of vector type
  
  compilation object save succeeded; see C:\Users\Jeong\source\repos\DX_Space\x64\Debug\CubeMapVertexShader.cso
  compilation object save succeeded; see C:\Users\Jeong\source\repos\DX_Space\x64\Debug\NormalPixelShader.cso
C:\Users\Jeong\source\repos\DX_Space\Space\NormalVertexShader.hlsl(15,5-45): warning X3206: implicit truncation of vector type
  
  compilation object save succeeded; see C:\Users\Jeong\source\repos\DX_Space\x64\Debug\NormalVertexShader.cso
  Camera.cpp
  Core.cpp
  CubeMap.cpp
  D3DUtils.cpp
  GeometryGenerator.cpp
C:\Users\Jeong\source\repos\DX_Space\Space\GeometryGenerator.cpp(79,20): warning C4018: '<=': signed 또는 unsigned가 일치하지 않습니다.
C:\Users\Jeong\source\repos\DX_Space\Space\GeometryGenerator.cpp(88,20): warning C4018: '<=': signed 또는 unsigned가 일치하지 않습니다.
C:\Users\Jeong\source\repos\DX_Space\Space\GeometryGenerator.cpp(98,20): warning C4018: '<': signed 또는 unsigned가 일치하지 않습니다.
  KeyMgr.cpp
  Main.cpp
  Mesh.cpp
  MeshGroup.cpp
C:\Users\Jeong\source\repos\DX_Space\Space\MeshGroup.cpp(72): warning C4715: 'MeshGroup::GetMesh': 모든 제어 경로에서 값을 반환하지는 않습니다.
  Normal.cpp
  Space.vcxproj -> C:\Users\Jeong\source\repos\DX_Space\x64\Debug\Space.exe
